<?xml version="1.0" encoding="UTF-8"?>
<coverage generated="1613763030876" clover="3.2.0">
  <project timestamp="1613763030877" name="All files">
    <metrics statements="62" coveredstatements="62" conditionals="22" coveredconditionals="21" methods="20" coveredmethods="20" elements="104" coveredelements="103" complexity="0" loc="62" ncloc="62" packages="2" files="4" classes="4"/>
    <package name="classes">
      <metrics statements="8" coveredstatements="8" conditionals="0" coveredconditionals="0" methods="2" coveredmethods="2"/>
      <file name="contactClass.js" path="/Users/maxim/Documents/projects-2020/portfolio/apps/contact-app-js/src/classes/contactClass.js">
        <metrics statements="8" coveredstatements="8" conditionals="0" coveredconditionals="0" methods="2" coveredmethods="2"/>
        <line num="3" count="6" type="stmt"/>
        <line num="4" count="6" type="stmt"/>
        <line num="5" count="6" type="stmt"/>
        <line num="6" count="6" type="stmt"/>
        <line num="7" count="6" type="stmt"/>
        <line num="8" count="6" type="stmt"/>
        <line num="9" count="6" type="stmt"/>
        <line num="12" count="1" type="stmt"/>
      </file>
    </package>
    <package name="components">
      <metrics statements="54" coveredstatements="54" conditionals="22" coveredconditionals="21" methods="18" coveredmethods="18"/>
      <file name="ContactCard.vue" path="/Users/maxim/Documents/projects-2020/portfolio/apps/contact-app-js/src/components/ContactCard.vue">
        <metrics statements="6" coveredstatements="6" conditionals="4" coveredconditionals="4" methods="4" coveredmethods="4"/>
        <line num="29" count="2" type="stmt"/>
        <line num="46" count="9" type="stmt"/>
        <line num="47" count="90" type="cond" truecount="2" falsecount="0"/>
        <line num="48" count="54" type="stmt"/>
        <line num="52" count="15" type="cond" truecount="2" falsecount="0"/>
        <line num="61" count="1" type="stmt"/>
      </file>
      <file name="ContactsGrid.vue" path="/Users/maxim/Documents/projects-2020/portfolio/apps/contact-app-js/src/components/ContactsGrid.vue">
        <metrics statements="13" coveredstatements="13" conditionals="6" coveredconditionals="6" methods="5" coveredmethods="5"/>
        <line num="39" count="1" type="stmt"/>
        <line num="40" count="1" type="stmt"/>
        <line num="44" count="1" type="stmt"/>
        <line num="76" count="6" type="cond" truecount="2" falsecount="0"/>
        <line num="77" count="3" type="stmt"/>
        <line num="78" count="3" type="cond" truecount="2" falsecount="0"/>
        <line num="79" count="1" type="stmt"/>
        <line num="80" count="2" type="cond" truecount="2" falsecount="0"/>
        <line num="81" count="1" type="stmt"/>
        <line num="83" count="1" type="stmt"/>
        <line num="89" count="5" type="stmt"/>
        <line num="90" count="25" type="stmt"/>
        <line num="91" count="16" type="stmt"/>
      </file>
      <file name="Form.vue" path="/Users/maxim/Documents/projects-2020/portfolio/apps/contact-app-js/src/components/Form.vue">
        <metrics statements="35" coveredstatements="35" conditionals="12" coveredconditionals="11" methods="9" coveredmethods="9"/>
        <line num="145" count="1" type="stmt"/>
        <line num="147" count="1" type="stmt"/>
        <line num="149" count="1" type="stmt"/>
        <line num="154" count="14" type="stmt"/>
        <line num="180" count="3" type="stmt"/>
        <line num="185" count="1" type="cond" truecount="1" falsecount="1"/>
        <line num="188" count="3" type="stmt"/>
        <line num="197" count="2" type="stmt"/>
        <line num="200" count="3" type="stmt"/>
        <line num="201" count="3" type="stmt"/>
        <line num="202" count="3" type="stmt"/>
        <line num="203" count="3" type="stmt"/>
        <line num="204" count="3" type="stmt"/>
        <line num="207" count="22" type="cond" truecount="2" falsecount="0"/>
        <line num="208" count="15" type="stmt"/>
        <line num="209" count="15" type="stmt"/>
        <line num="211" count="7" type="stmt"/>
        <line num="214" count="11" type="cond" truecount="2" falsecount="0"/>
        <line num="215" count="6" type="stmt"/>
        <line num="216" count="6" type="stmt"/>
        <line num="218" count="5" type="stmt"/>
        <line num="221" count="7" type="stmt"/>
        <line num="223" count="7" type="stmt"/>
        <line num="224" count="7" type="stmt"/>
        <line num="225" count="7" type="stmt"/>
        <line num="226" count="7" type="stmt"/>
        <line num="227" count="7" type="cond" truecount="2" falsecount="0"/>
        <line num="228" count="3" type="stmt"/>
        <line num="230" count="7" type="cond" truecount="2" falsecount="0"/>
        <line num="232" count="7" type="stmt"/>
        <line num="235" count="7" type="stmt"/>
        <line num="236" count="7" type="cond" truecount="2" falsecount="0"/>
        <line num="237" count="2" type="stmt"/>
        <line num="238" count="2" type="stmt"/>
        <line num="240" count="7" type="stmt"/>
      </file>
    </package>
  </project>
</coverage>
