{"/Users/maxim/Documents/projects-2020/portfolio/apps/contact-app-js/src/classes/contactClass.js": {"path":"/Users/maxim/Documents/projects-2020/portfolio/apps/contact-app-js/src/classes/contactClass.js","statementMap":{"0":{"start":{"line":3,"column":4},"end":{"line":3,"column":17}},"1":{"start":{"line":4,"column":4},"end":{"line":4,"column":21}},"2":{"start":{"line":5,"column":4},"end":{"line":5,"column":29}},"3":{"start":{"line":6,"column":4},"end":{"line":6,"column":23}},"4":{"start":{"line":7,"column":4},"end":{"line":7,"column":23}},"5":{"start":{"line":8,"column":4},"end":{"line":8,"column":27}},"6":{"start":{"line":9,"column":4},"end":{"line":9,"column":29}},"7":{"start":{"line":12,"column":4},"end":{"line":12,"column":43}}},"fnMap":{"0":{"name":"(anonymous_0)","decl":{"start":{"line":2,"column":2},"end":{"line":2,"column":3}},"loc":{"start":{"line":2,"column":67},"end":{"line":10,"column":3}},"line":2},"1":{"name":"(anonymous_1)","decl":{"start":{"line":11,"column":2},"end":{"line":11,"column":3}},"loc":{"start":{"line":11,"column":17},"end":{"line":13,"column":3}},"line":11}},"branchMap":{},"s":{"0":6,"1":6,"2":6,"3":6,"4":6,"5":6,"6":6,"7":1},"f":{"0":6,"1":1},"b":{},"_coverageSchema":"43e27e138ebf9cfc5966b082cf9a028302ed4184","hash":"056f44811d1f6c4b92a6bc69824f5004344ac78c"}
,"/Users/maxim/Documents/projects-2020/portfolio/apps/contact-app-js/src/components/ContactCard.vue": {"path":"/Users/maxim/Documents/projects-2020/portfolio/apps/contact-app-js/src/components/ContactCard.vue","statementMap":{"0":{"start":{"line":29,"column":0},"end":{"line":29,"column":null}},"1":{"start":{"line":46,"column":0},"end":{"line":49,"column":null}},"2":{"start":{"line":47,"column":0},"end":{"line":47,"column":null}},"3":{"start":{"line":48,"column":0},"end":{"line":48,"column":null}},"4":{"start":{"line":52,"column":0},"end":{"line":52,"column":null}},"5":{"start":{"line":61,"column":0},"end":{"line":61,"column":null}}},"fnMap":{"0":{"name":"(anonymous_1)","decl":{"start":{"line":45,"column":0},"end":{"line":45,"column":null}},"loc":{"start":{"line":45,"column":0},"end":{"line":50,"column":null}}},"1":{"name":"(anonymous_2)","decl":{"start":{"line":46,"column":0},"end":{"line":46,"column":null}},"loc":{"start":{"line":46,"column":0},"end":{"line":49,"column":null}}},"2":{"name":"(anonymous_3)","decl":{"start":{"line":51,"column":0},"end":{"line":51,"column":null}},"loc":{"start":{"line":51,"column":0},"end":{"line":57,"column":null}}},"3":{"name":"(anonymous_4)","decl":{"start":{"line":60,"column":0},"end":{"line":60,"column":null}},"loc":{"start":{"line":60,"column":0},"end":{"line":62,"column":null}}}},"branchMap":{"0":{"loc":{"start":{"line":47,"column":0},"end":{"line":47,"column":null}},"type":"if","locations":[{"start":{"line":47,"column":0},"end":{"line":47,"column":null}},{"start":{"line":47,"column":0},"end":{"line":47,"column":null}}]},"1":{"loc":{"start":{"line":52,"column":0},"end":{"line":52,"column":null}},"type":"cond-expr","locations":[{"start":{"line":52,"column":0},"end":{"line":52,"column":null}},{"start":{"line":52,"column":0},"end":{"line":52,"column":null}}]}},"s":{"0":2,"1":9,"2":90,"3":54,"4":15,"5":1},"f":{"0":9,"1":54,"2":15,"3":1},"b":{"0":[90,63],"1":[7,20]}}
,"/Users/maxim/Documents/projects-2020/portfolio/apps/contact-app-js/src/components/ContactsGrid.vue": {"path":"/Users/maxim/Documents/projects-2020/portfolio/apps/contact-app-js/src/components/ContactsGrid.vue","statementMap":{"0":{"start":{"line":39,"column":0},"end":{"line":39,"column":null}},"1":{"start":{"line":40,"column":0},"end":{"line":40,"column":null}},"2":{"start":{"line":44,"column":0},"end":{"line":44,"column":null}},"3":{"start":{"line":76,"column":0},"end":{"line":84,"column":null}},"4":{"start":{"line":77,"column":0},"end":{"line":77,"column":null}},"5":{"start":{"line":78,"column":0},"end":{"line":84,"column":null}},"6":{"start":{"line":79,"column":0},"end":{"line":79,"column":null}},"7":{"start":{"line":80,"column":0},"end":{"line":84,"column":null}},"8":{"start":{"line":81,"column":0},"end":{"line":81,"column":null}},"9":{"start":{"line":83,"column":0},"end":{"line":83,"column":null}},"10":{"start":{"line":89,"column":0},"end":{"line":89,"column":null}},"11":{"start":{"line":90,"column":0},"end":{"line":90,"column":null}},"12":{"start":{"line":91,"column":0},"end":{"line":91,"column":null}}},"fnMap":{"0":{"name":"(anonymous_1)","decl":{"start":{"line":44,"column":0},"end":{"line":44,"column":null}},"loc":{"start":{"line":44,"column":0},"end":{"line":44,"column":null}}},"1":{"name":"(anonymous_2)","decl":{"start":{"line":75,"column":0},"end":{"line":75,"column":null}},"loc":{"start":{"line":75,"column":0},"end":{"line":85,"column":null}}},"2":{"name":"(anonymous_3)","decl":{"start":{"line":88,"column":0},"end":{"line":88,"column":null}},"loc":{"start":{"line":88,"column":0},"end":{"line":92,"column":null}}},"3":{"name":"(anonymous_4)","decl":{"start":{"line":90,"column":0},"end":{"line":90,"column":null}},"loc":{"start":{"line":90,"column":0},"end":{"line":90,"column":null}}},"4":{"name":"(anonymous_5)","decl":{"start":{"line":91,"column":0},"end":{"line":91,"column":null}},"loc":{"start":{"line":91,"column":0},"end":{"line":91,"column":null}}}},"branchMap":{"0":{"loc":{"start":{"line":76,"column":0},"end":{"line":84,"column":null}},"type":"if","locations":[{"start":{"line":76,"column":0},"end":{"line":84,"column":null}},{"start":{"line":76,"column":0},"end":{"line":84,"column":null}}]},"1":{"loc":{"start":{"line":78,"column":0},"end":{"line":84,"column":null}},"type":"if","locations":[{"start":{"line":78,"column":0},"end":{"line":84,"column":null}},{"start":{"line":78,"column":0},"end":{"line":84,"column":null}}]},"2":{"loc":{"start":{"line":80,"column":0},"end":{"line":84,"column":null}},"type":"if","locations":[{"start":{"line":80,"column":0},"end":{"line":84,"column":null}},{"start":{"line":80,"column":0},"end":{"line":84,"column":null}}]}},"s":{"0":1,"1":1,"2":1,"3":6,"4":3,"5":3,"6":1,"7":2,"8":1,"9":1,"10":5,"11":25,"12":16},"f":{"0":1,"1":6,"2":5,"3":20,"4":11},"b":{"0":[3,3],"1":[1,2],"2":[1,1]}}
,"/Users/maxim/Documents/projects-2020/portfolio/apps/contact-app-js/src/components/Form.vue": {"path":"/Users/maxim/Documents/projects-2020/portfolio/apps/contact-app-js/src/components/Form.vue","statementMap":{"0":{"start":{"line":145,"column":0},"end":{"line":145,"column":null}},"1":{"start":{"line":147,"column":0},"end":{"line":147,"column":null}},"2":{"start":{"line":149,"column":0},"end":{"line":149,"column":null}},"3":{"start":{"line":154,"column":0},"end":{"line":154,"column":null}},"4":{"start":{"line":180,"column":0},"end":{"line":180,"column":null}},"5":{"start":{"line":185,"column":0},"end":{"line":185,"column":null}},"6":{"start":{"line":188,"column":0},"end":{"line":188,"column":null}},"7":{"start":{"line":197,"column":0},"end":{"line":197,"column":null}},"8":{"start":{"line":200,"column":0},"end":{"line":200,"column":null}},"9":{"start":{"line":201,"column":0},"end":{"line":201,"column":null}},"10":{"start":{"line":202,"column":0},"end":{"line":202,"column":null}},"11":{"start":{"line":203,"column":0},"end":{"line":203,"column":null}},"12":{"start":{"line":204,"column":0},"end":{"line":204,"column":null}},"13":{"start":{"line":207,"column":0},"end":{"line":210,"column":null}},"14":{"start":{"line":208,"column":0},"end":{"line":208,"column":null}},"15":{"start":{"line":209,"column":0},"end":{"line":209,"column":null}},"16":{"start":{"line":211,"column":0},"end":{"line":211,"column":null}},"17":{"start":{"line":214,"column":0},"end":{"line":217,"column":null}},"18":{"start":{"line":215,"column":0},"end":{"line":215,"column":null}},"19":{"start":{"line":216,"column":0},"end":{"line":216,"column":null}},"20":{"start":{"line":218,"column":0},"end":{"line":218,"column":null}},"21":{"start":{"line":221,"column":0},"end":{"line":221,"column":null}},"22":{"start":{"line":223,"column":0},"end":{"line":223,"column":null}},"23":{"start":{"line":224,"column":0},"end":{"line":224,"column":null}},"24":{"start":{"line":225,"column":0},"end":{"line":225,"column":null}},"25":{"start":{"line":226,"column":0},"end":{"line":226,"column":null}},"26":{"start":{"line":227,"column":0},"end":{"line":229,"column":null}},"27":{"start":{"line":228,"column":0},"end":{"line":228,"column":null}},"28":{"start":{"line":230,"column":0},"end":{"line":230,"column":null}},"29":{"start":{"line":232,"column":0},"end":{"line":232,"column":null}},"30":{"start":{"line":235,"column":0},"end":{"line":235,"column":null}},"31":{"start":{"line":236,"column":0},"end":{"line":239,"column":null}},"32":{"start":{"line":237,"column":0},"end":{"line":237,"column":null}},"33":{"start":{"line":238,"column":0},"end":{"line":238,"column":null}},"34":{"start":{"line":240,"column":0},"end":{"line":240,"column":null}}},"fnMap":{"0":{"name":"(anonymous_1)","decl":{"start":{"line":153,"column":0},"end":{"line":153,"column":null}},"loc":{"start":{"line":153,"column":0},"end":{"line":177,"column":null}}},"1":{"name":"(anonymous_2)","decl":{"start":{"line":179,"column":0},"end":{"line":179,"column":null}},"loc":{"start":{"line":179,"column":0},"end":{"line":181,"column":null}}},"2":{"name":"(anonymous_3)","decl":{"start":{"line":184,"column":0},"end":{"line":184,"column":null}},"loc":{"start":{"line":184,"column":0},"end":{"line":186,"column":null}}},"3":{"name":"(anonymous_4)","decl":{"start":{"line":187,"column":0},"end":{"line":187,"column":null}},"loc":{"start":{"line":187,"column":0},"end":{"line":198,"column":null}}},"4":{"name":"(anonymous_5)","decl":{"start":{"line":199,"column":0},"end":{"line":199,"column":null}},"loc":{"start":{"line":199,"column":0},"end":{"line":205,"column":null}}},"5":{"name":"(anonymous_6)","decl":{"start":{"line":206,"column":0},"end":{"line":206,"column":null}},"loc":{"start":{"line":206,"column":0},"end":{"line":212,"column":null}}},"6":{"name":"(anonymous_7)","decl":{"start":{"line":213,"column":0},"end":{"line":213,"column":null}},"loc":{"start":{"line":213,"column":0},"end":{"line":219,"column":null}}},"7":{"name":"(anonymous_8)","decl":{"start":{"line":220,"column":0},"end":{"line":220,"column":null}},"loc":{"start":{"line":220,"column":0},"end":{"line":233,"column":null}}},"8":{"name":"(anonymous_9)","decl":{"start":{"line":234,"column":0},"end":{"line":234,"column":null}},"loc":{"start":{"line":234,"column":0},"end":{"line":241,"column":null}}}},"branchMap":{"0":{"loc":{"start":{"line":185,"column":0},"end":{"line":185,"column":null}},"type":"cond-expr","locations":[{"start":{"line":185,"column":0},"end":{"line":185,"column":null}},{"start":{"line":185,"column":0},"end":{"line":185,"column":null}}]},"1":{"loc":{"start":{"line":207,"column":0},"end":{"line":210,"column":null}},"type":"if","locations":[{"start":{"line":207,"column":0},"end":{"line":210,"column":null}},{"start":{"line":207,"column":0},"end":{"line":210,"column":null}}]},"2":{"loc":{"start":{"line":214,"column":0},"end":{"line":217,"column":null}},"type":"if","locations":[{"start":{"line":214,"column":0},"end":{"line":217,"column":null}},{"start":{"line":214,"column":0},"end":{"line":217,"column":null}}]},"3":{"loc":{"start":{"line":227,"column":0},"end":{"line":229,"column":null}},"type":"if","locations":[{"start":{"line":227,"column":0},"end":{"line":229,"column":null}},{"start":{"line":227,"column":0},"end":{"line":229,"column":null}}]},"4":{"loc":{"start":{"line":230,"column":0},"end":{"line":230,"column":null}},"type":"cond-expr","locations":[{"start":{"line":230,"column":0},"end":{"line":230,"column":null}},{"start":{"line":230,"column":0},"end":{"line":230,"column":null}}]},"5":{"loc":{"start":{"line":236,"column":0},"end":{"line":239,"column":null}},"type":"if","locations":[{"start":{"line":236,"column":0},"end":{"line":239,"column":null}},{"start":{"line":236,"column":0},"end":{"line":239,"column":null}}]}},"s":{"0":1,"1":1,"2":1,"3":14,"4":3,"5":1,"6":3,"7":2,"8":3,"9":3,"10":3,"11":3,"12":3,"13":22,"14":15,"15":15,"16":7,"17":11,"18":6,"19":6,"20":5,"21":7,"22":7,"23":7,"24":7,"25":7,"26":7,"27":3,"28":7,"29":7,"30":7,"31":7,"32":2,"33":2,"34":7},"f":{"0":14,"1":3,"2":1,"3":3,"4":3,"5":22,"6":11,"7":7,"8":7},"b":{"0":[1,0],"1":[15,7],"2":[6,5],"3":[3,4],"4":[9,7],"5":[2,5]}}
}
