TN:
SF:/Users/maxim/Documents/projects-2020/portfolio/apps/contact-app-js/src/classes/contactClass.js
FN:2,(anonymous_0)
FN:11,(anonymous_1)
FNF:2
FNH:2
FNDA:6,(anonymous_0)
FNDA:1,(anonymous_1)
DA:3,6
DA:4,6
DA:5,6
DA:6,6
DA:7,6
DA:8,6
DA:9,6
DA:12,1
LF:8
LH:8
BRF:0
BRH:0
end_of_record
TN:
SF:/Users/maxim/Documents/projects-2020/portfolio/apps/contact-app-js/src/components/ContactCard.vue
FN:45,(anonymous_1)
FN:46,(anonymous_2)
FN:51,(anonymous_3)
FN:60,(anonymous_4)
FNF:4
FNH:4
FNDA:9,(anonymous_1)
FNDA:54,(anonymous_2)
FNDA:15,(anonymous_3)
FNDA:1,(anonymous_4)
DA:29,2
DA:46,9
DA:47,90
DA:48,54
DA:52,15
DA:61,1
LF:6
LH:6
BRDA:47,0,0,90
BRDA:47,0,1,63
BRDA:52,1,0,7
BRDA:52,1,1,20
BRF:4
BRH:4
end_of_record
TN:
SF:/Users/maxim/Documents/projects-2020/portfolio/apps/contact-app-js/src/components/ContactsGrid.vue
FN:44,(anonymous_1)
FN:75,(anonymous_2)
FN:88,(anonymous_3)
FN:90,(anonymous_4)
FN:91,(anonymous_5)
FNF:5
FNH:5
FNDA:1,(anonymous_1)
FNDA:6,(anonymous_2)
FNDA:5,(anonymous_3)
FNDA:20,(anonymous_4)
FNDA:11,(anonymous_5)
DA:39,1
DA:40,1
DA:44,1
DA:76,6
DA:77,3
DA:78,3
DA:79,1
DA:80,2
DA:81,1
DA:83,1
DA:89,5
DA:90,25
DA:91,16
LF:13
LH:13
BRDA:76,0,0,3
BRDA:76,0,1,3
BRDA:78,1,0,1
BRDA:78,1,1,2
BRDA:80,2,0,1
BRDA:80,2,1,1
BRF:6
BRH:6
end_of_record
TN:
SF:/Users/maxim/Documents/projects-2020/portfolio/apps/contact-app-js/src/components/Form.vue
FN:153,(anonymous_1)
FN:179,(anonymous_2)
FN:184,(anonymous_3)
FN:187,(anonymous_4)
FN:199,(anonymous_5)
FN:206,(anonymous_6)
FN:213,(anonymous_7)
FN:220,(anonymous_8)
FN:234,(anonymous_9)
FNF:9
FNH:9
FNDA:14,(anonymous_1)
FNDA:3,(anonymous_2)
FNDA:1,(anonymous_3)
FNDA:3,(anonymous_4)
FNDA:3,(anonymous_5)
FNDA:22,(anonymous_6)
FNDA:11,(anonymous_7)
FNDA:7,(anonymous_8)
FNDA:7,(anonymous_9)
DA:145,1
DA:147,1
DA:149,1
DA:154,14
DA:180,3
DA:185,1
DA:188,3
DA:197,2
DA:200,3
DA:201,3
DA:202,3
DA:203,3
DA:204,3
DA:207,22
DA:208,15
DA:209,15
DA:211,7
DA:214,11
DA:215,6
DA:216,6
DA:218,5
DA:221,7
DA:223,7
DA:224,7
DA:225,7
DA:226,7
DA:227,7
DA:228,3
DA:230,7
DA:232,7
DA:235,7
DA:236,7
DA:237,2
DA:238,2
DA:240,7
LF:35
LH:35
BRDA:185,0,0,1
BRDA:185,0,1,0
BRDA:207,1,0,15
BRDA:207,1,1,7
BRDA:214,2,0,6
BRDA:214,2,1,5
BRDA:227,3,0,3
BRDA:227,3,1,4
BRDA:230,4,0,9
BRDA:230,4,1,7
BRDA:236,5,0,2
BRDA:236,5,1,5
BRF:12
BRH:11
end_of_record
